<?xml version="1.0" encoding="UTF-8"?>
<!-- Generated by org.testng.reporters.JUnitXMLReporter -->
<testsuite ignored="3" hostname="Ashu" failures="0" tests="5" name="Test runner1" time="31.032" errors="0" timestamp="2022-03-03T12:15:27 IST">
  <testcase classname="com.crm.GenericLibrary.BaseClass" name="@BeforeMethod Login" time="0.002">
    <failure type="java.lang.NullPointerException">
      <![CDATA[java.lang.NullPointerException
at org.openqa.selenium.support.pagefactory.DefaultElementLocator.findElement(DefaultElementLocator.java:69)
at org.openqa.selenium.support.pagefactory.internal.LocatingElementHandler.invoke(LocatingElementHandler.java:38)
at com.sun.proxy.$Proxy16.sendKeys(Unknown Source)
at com.crm.ObjectRepository.LoginPage.LoginToApp(LoginPage.java:42)
at com.crm.GenericLibrary.BaseClass.Login(BaseClass.java:73)
at java.base/java.util.ArrayList.forEach(ArrayList.java:1541)
at java.base/java.util.concurrent.FutureTask.run(FutureTask.java:264)
at java.base/java.util.concurrent.ThreadPoolExecutor.runWorker(ThreadPoolExecutor.java:1128)
at java.base/java.util.concurrent.ThreadPoolExecutor$Worker.run(ThreadPoolExecutor.java:628)
at java.base/java.lang.Thread.run(Thread.java:829)
... Removed 22 stack frames]]>
    </failure>
  </testcase> <!-- @BeforeMethod Login -->
  <testcase classname="com.crm.GenericLibrary.BaseClass" name="@AfterMethod logout" time="-1.646289927893E9">
    <skipped/>
  </testcase> <!-- @AfterMethod logout -->
  <testcase classname="com.crm.GenericLibrary.BaseClass" name="@BeforeMethod Login" time="-1.646289927896E9">
    <skipped/>
  </testcase> <!-- @BeforeMethod Login -->
  <testcase classname="com.crm.GenericLibrary.BaseClass" name="@AfterMethod logout" time="-1.646289927904E9">
    <skipped/>
  </testcase> <!-- @AfterMethod logout -->
  <testcase classname="com.crm.GenericLibrary.BaseClass" name="@BeforeMethod Login" time="-1.646289927906E9">
    <skipped/>
  </testcase> <!-- @BeforeMethod Login -->
  <testcase classname="com.crm.GenericLibrary.BaseClass" name="@AfterMethod logout" time="-1.646289927912E9">
    <skipped/>
  </testcase> <!-- @AfterMethod logout -->
  <testcase classname="com.crm.GenericLibrary.BaseClass" name="@BeforeMethod Login" time="-1.646289927915E9">
    <skipped/>
  </testcase> <!-- @BeforeMethod Login -->
  <testcase classname="com.crm.GenericLibrary.BaseClass" name="@AfterMethod logout" time="-1.646289927923E9">
    <skipped/>
  </testcase> <!-- @AfterMethod logout -->
  <testcase classname="com.crm.GenericLibrary.BaseClass" name="@AfterClass closebrowser" time="-1.646289927924E9">
    <skipped/>
  </testcase> <!-- @AfterClass closebrowser -->
  <testcase classname="com.crm.ContactsTests.CreateContactsTest" name="createContactsTest" time="15.525"/>
  <testcase classname="com.crm.OrganizationTests.CreateOrgWithBillingAdressTest" name="createOrgWithBillingAdressTest" time="0.0">
    <skipped/>
  </testcase> <!-- createOrgWithBillingAdressTest -->
  <testcase classname="com.crm.OrganizationTests.CreateOrgWithBillingAdressTest" name="dummyTestScript" time="0.0">
    <skipped/>
  </testcase> <!-- dummyTestScript -->
  <testcase classname="com.crm.OrganizationTests.CreateOrgWithBillingAdressTest" name="dummyTestScript1" time="0.0">
    <skipped/>
  </testcase> <!-- dummyTestScript1 -->
  <testcase classname="com.crm.OrganizationTests.CreateOrgWithBillingAdressTest" name="dummyTestScript2" time="0.0">
    <skipped/>
  </testcase> <!-- dummyTestScript2 -->
  <testcase classname="com.crm.GenericLibrary.BaseClass" name="@BeforeTest launchTheBrowser" time="0.0">
    <ignored/>
  </testcase> <!-- @BeforeTest launchTheBrowser -->
  <testcase classname="com.crm.GenericLibrary.BaseClass" name="@BeforeSuite ConnectDatabase" time="0.0">
    <ignored/>
  </testcase> <!-- @BeforeSuite ConnectDatabase -->
  <testcase classname="com.crm.GenericLibrary.BaseClass" name="@AfterSuite Closedb" time="0.0">
    <ignored/>
  </testcase> <!-- @AfterSuite Closedb -->
</testsuite> <!-- Test runner1 -->
