<?xml version="1.0" encoding="UTF-8"?>
<!-- Generated by org.testng.reporters.JUnitXMLReporter -->
<testsuite ignored="2" hostname="Ashu" failures="0" tests="2" name="Test" time="24.855" errors="0" timestamp="2022-03-02T13:34:53 IST">
  <testcase classname="com.crm.OrganizationTests.CreateOrgWithBillingAdressTest" name="dummyTestScript" time="0.008"/>
  <testcase classname="com.crm.OrganizationTests.CreateOrgWithBillingAdressTest" name="dummyTestScript2" time="0.003"/>
  <testcase classname="com.crm.OrganizationTests.CreateOrgWithBillingAdressTest" name="dummyTestScript1" time="0.0">
    <ignored/>
  </testcase> <!-- dummyTestScript1 -->
  <testcase classname="com.crm.OrganizationTests.CreateOrgWithBillingAdressTest" name="createOrgWithBillingAdressTest" time="0.0">
    <ignored/>
  </testcase> <!-- createOrgWithBillingAdressTest -->
</testsuite> <!-- Test -->
