<?xml version="1.0" encoding="UTF-8"?>
<testng-results ignored="0" total="1" passed="1" failed="0" skipped="0">
  <reporter-output>
    <line>
      <![CDATA[====db connection successful]]>
    </line>
    <line>
      <![CDATA[==== browser launchd successfully=====]]>
    </line>
    <line>
      <![CDATA[==== Login Successful ====]]>
    </line>
    <line>
      <![CDATA[=== database closed successful =====]]>
    </line>
  </reporter-output>
  <suite started-at="2022-03-23T23:58:42 IST" name="Default suite" finished-at="2022-03-23T23:59:59 IST" duration-ms="77546">
    <groups>
      <group name="smokeSuite">
        <method signature="CreateOrgTest.createOrgTest()[pri:0, instance:com.crm.OrganizationTests.CreateOrgTest@74751b3]" name="createOrgTest" class="com.crm.OrganizationTests.CreateOrgTest"/>
      </group> <!-- smokeSuite -->
    </groups>
    <test started-at="2022-03-23T23:58:42 IST" name="Default test" finished-at="2022-03-23T23:59:59 IST" duration-ms="77546">
      <class name="com.crm.OrganizationTests.CreateOrgTest">
        <test-method is-config="true" signature="ConnectDatabase()[pri:0, instance:com.crm.OrganizationTests.CreateOrgTest@74751b3]" started-at="2022-03-23T23:58:42 IST" name="ConnectDatabase" finished-at="2022-03-23T23:58:42 IST" duration-ms="6" status="PASS">
          <reporter-output>
            <line>
              <![CDATA[====db connection successful]]>
            </line>
          </reporter-output>
        </test-method> <!-- ConnectDatabase -->
        <test-method is-config="true" signature="launchTheBrowser()[pri:0, instance:com.crm.OrganizationTests.CreateOrgTest@74751b3]" started-at="2022-03-23T23:58:42 IST" name="launchTheBrowser" finished-at="2022-03-23T23:59:11 IST" duration-ms="29341" status="PASS">
          <reporter-output>
            <line>
              <![CDATA[==== browser launchd successfully=====]]>
            </line>
          </reporter-output>
        </test-method> <!-- launchTheBrowser -->
        <test-method is-config="true" signature="Login()[pri:0, instance:com.crm.OrganizationTests.CreateOrgTest@74751b3]" started-at="2022-03-23T23:59:12 IST" name="Login" finished-at="2022-03-23T23:59:20 IST" duration-ms="8052" status="PASS">
          <reporter-output>
            <line>
              <![CDATA[==== Login Successful ====]]>
            </line>
          </reporter-output>
        </test-method> <!-- Login -->
        <test-method signature="createOrgTest()[pri:0, instance:com.crm.OrganizationTests.CreateOrgTest@74751b3]" started-at="2022-03-23T23:59:20 IST" name="createOrgTest" finished-at="2022-03-23T23:59:34 IST" duration-ms="14090" status="PASS">
          <reporter-output>
          </reporter-output>
        </test-method> <!-- createOrgTest -->
        <test-method is-config="true" signature="logout()[pri:0, instance:com.crm.OrganizationTests.CreateOrgTest@74751b3]" started-at="2022-03-23T23:59:34 IST" name="logout" finished-at="2022-03-23T23:59:59 IST" duration-ms="25427" status="FAIL">
          <exception class="org.openqa.selenium.ElementNotInteractableException">
            <message>
              <![CDATA[element not interactable
  (Session info: chrome=99.0.4844.74)
Build info: version: '3.141.59', revision: 'e82be7d358', time: '2018-11-14T08:17:03'
System info: host: 'ASHU', ip: '127.0.0.1', os.name: 'Windows 10', os.arch: 'amd64', os.version: '10.0', java.version: '11.0.13'
Driver info: org.openqa.selenium.chrome.ChromeDriver
Capabilities {acceptInsecureCerts: false, browserName: chrome, browserVersion: 99.0.4844.74, chrome: {chromedriverVersion: 99.0.4844.51 (d537ec02474b5..., userDataDir: C:\Users\ashna\AppData\Loca...}, goog:chromeOptions: {debuggerAddress: localhost:49696}, javascriptEnabled: true, networkConnectionEnabled: false, pageLoadStrategy: normal, platform: WINDOWS, platformName: WINDOWS, proxy: Proxy(), setWindowRect: true, strictFileInteractability: false, timeouts: {implicit: 0, pageLoad: 300000, script: 30000}, unhandledPromptBehavior: dismiss and notify, webauthn:extension:credBlob: true, webauthn:extension:largeBlob: true, webauthn:virtualAuthenticators: true}
Session ID: e2f148a95d0632d7153a41bf72d038de]]>
            </message>
            <full-stacktrace>
              <![CDATA[org.openqa.selenium.ElementNotInteractableException: element not interactable
  (Session info: chrome=99.0.4844.74)
Build info: version: '3.141.59', revision: 'e82be7d358', time: '2018-11-14T08:17:03'
System info: host: 'ASHU', ip: '127.0.0.1', os.name: 'Windows 10', os.arch: 'amd64', os.version: '10.0', java.version: '11.0.13'
Driver info: org.openqa.selenium.chrome.ChromeDriver
Capabilities {acceptInsecureCerts: false, browserName: chrome, browserVersion: 99.0.4844.74, chrome: {chromedriverVersion: 99.0.4844.51 (d537ec02474b5..., userDataDir: C:\Users\ashna\AppData\Loca...}, goog:chromeOptions: {debuggerAddress: localhost:49696}, javascriptEnabled: true, networkConnectionEnabled: false, pageLoadStrategy: normal, platform: WINDOWS, platformName: WINDOWS, proxy: Proxy(), setWindowRect: true, strictFileInteractability: false, timeouts: {implicit: 0, pageLoad: 300000, script: 30000}, unhandledPromptBehavior: dismiss and notify, webauthn:extension:credBlob: true, webauthn:extension:largeBlob: true, webauthn:virtualAuthenticators: true}
Session ID: e2f148a95d0632d7153a41bf72d038de
at java.base/jdk.internal.reflect.NativeConstructorAccessorImpl.newInstance0(Native Method)
at java.base/jdk.internal.reflect.NativeConstructorAccessorImpl.newInstance(NativeConstructorAccessorImpl.java:62)
at java.base/jdk.internal.reflect.DelegatingConstructorAccessorImpl.newInstance(DelegatingConstructorAccessorImpl.java:45)
at java.base/java.lang.reflect.Constructor.newInstance(Constructor.java:490)
at org.openqa.selenium.remote.http.W3CHttpResponseCodec.createException(W3CHttpResponseCodec.java:187)
at org.openqa.selenium.remote.http.W3CHttpResponseCodec.decode(W3CHttpResponseCodec.java:122)
at org.openqa.selenium.remote.http.W3CHttpResponseCodec.decode(W3CHttpResponseCodec.java:49)
at org.openqa.selenium.remote.HttpCommandExecutor.execute(HttpCommandExecutor.java:158)
at org.openqa.selenium.remote.service.DriverCommandExecutor.execute(DriverCommandExecutor.java:83)
at org.openqa.selenium.remote.RemoteWebDriver.execute(RemoteWebDriver.java:552)
at org.openqa.selenium.remote.RemoteWebElement.execute(RemoteWebElement.java:285)
at org.openqa.selenium.remote.RemoteWebElement.click(RemoteWebElement.java:84)
at java.base/jdk.internal.reflect.NativeMethodAccessorImpl.invoke0(Native Method)
at java.base/jdk.internal.reflect.NativeMethodAccessorImpl.invoke(NativeMethodAccessorImpl.java:62)
at java.base/jdk.internal.reflect.DelegatingMethodAccessorImpl.invoke(DelegatingMethodAccessorImpl.java:43)
at java.base/java.lang.reflect.Method.invoke(Method.java:566)
at org.openqa.selenium.support.pagefactory.internal.LocatingElementHandler.invoke(LocatingElementHandler.java:51)
at com.sun.proxy.$Proxy17.click(Unknown Source)
at com.crm.ObjectRepository.HomePage.signoutOfApp(HomePage.java:103)
at com.crm.GenericLibrary.BaseClass.logout(BaseClass.java:86)
at java.base/jdk.internal.reflect.NativeMethodAccessorImpl.invoke0(Native Method)
at java.base/jdk.internal.reflect.NativeMethodAccessorImpl.invoke(NativeMethodAccessorImpl.java:62)
at java.base/jdk.internal.reflect.DelegatingMethodAccessorImpl.invoke(DelegatingMethodAccessorImpl.java:43)
at java.base/java.lang.reflect.Method.invoke(Method.java:566)
at org.testng.internal.MethodInvocationHelper.invokeMethod(MethodInvocationHelper.java:133)
at org.testng.internal.MethodInvocationHelper.invokeMethodConsideringTimeout(MethodInvocationHelper.java:62)
at org.testng.internal.ConfigInvoker.invokeConfigurationMethod(ConfigInvoker.java:385)
at org.testng.internal.ConfigInvoker.invokeConfigurations(ConfigInvoker.java:321)
at org.testng.internal.TestInvoker.runConfigMethods(TestInvoker.java:700)
at org.testng.internal.TestInvoker.runAfterGroupsConfigurations(TestInvoker.java:676)
at org.testng.internal.TestInvoker.invokeMethod(TestInvoker.java:660)
at org.testng.internal.TestInvoker.invokeTestMethod(TestInvoker.java:173)
at org.testng.internal.MethodRunner.runInSequence(MethodRunner.java:46)
at org.testng.internal.TestInvoker$MethodInvocationAgent.invoke(TestInvoker.java:824)
at org.testng.internal.TestInvoker.invokeTestMethods(TestInvoker.java:146)
at org.testng.internal.TestMethodWorker.invokeTestMethods(TestMethodWorker.java:146)
at org.testng.internal.TestMethodWorker.run(TestMethodWorker.java:128)
at java.base/java.util.ArrayList.forEach(ArrayList.java:1541)
at org.testng.TestRunner.privateRun(TestRunner.java:794)
at org.testng.TestRunner.run(TestRunner.java:596)
at org.testng.SuiteRunner.runTest(SuiteRunner.java:377)
at org.testng.SuiteRunner.runSequentially(SuiteRunner.java:371)
at org.testng.SuiteRunner.privateRun(SuiteRunner.java:332)
at org.testng.SuiteRunner.run(SuiteRunner.java:276)
at org.testng.SuiteRunnerWorker.runSuite(SuiteRunnerWorker.java:53)
at org.testng.SuiteRunnerWorker.run(SuiteRunnerWorker.java:96)
at org.testng.TestNG.runSuitesSequentially(TestNG.java:1212)
at org.testng.TestNG.runSuitesLocally(TestNG.java:1134)
at org.testng.TestNG.runSuites(TestNG.java:1063)
at org.testng.TestNG.run(TestNG.java:1031)
at org.testng.remote.AbstractRemoteTestNG.run(AbstractRemoteTestNG.java:115)
at org.testng.remote.RemoteTestNG.initAndRun(RemoteTestNG.java:251)
at org.testng.remote.RemoteTestNG.main(RemoteTestNG.java:77)
]]>
            </full-stacktrace>
          </exception> <!-- org.openqa.selenium.ElementNotInteractableException -->
          <reporter-output>
          </reporter-output>
        </test-method> <!-- logout -->
        <test-method is-config="true" signature="closebrowser()[pri:0, instance:com.crm.OrganizationTests.CreateOrgTest@74751b3]" started-at="2022-03-23T23:59:59 IST" name="closebrowser" finished-at="1970-01-01T05:30:00 IST" duration-ms="-1648060199730" status="SKIP">
          <reporter-output>
          </reporter-output>
        </test-method> <!-- closebrowser -->
        <test-method is-config="true" signature="Closedb()[pri:0, instance:com.crm.OrganizationTests.CreateOrgTest@74751b3]" started-at="2022-03-24T00:00:00 IST" name="Closedb" finished-at="2022-03-24T00:00:00 IST" duration-ms="0" status="PASS">
          <reporter-output>
            <line>
              <![CDATA[=== database closed successful =====]]>
            </line>
          </reporter-output>
        </test-method> <!-- Closedb -->
      </class> <!-- com.crm.OrganizationTests.CreateOrgTest -->
    </test> <!-- Default test -->
  </suite> <!-- Default suite -->
</testng-results>
